#
# A fatal error has been detected by the Java Runtime Environment:
#
#  EXCEPTION_ACCESS_VIOLATION (0xc0000005) at pc=0x00000001800039fb, pid=6844, tid=0x0000000000003310
#
# JRE version: Java(TM) SE Runtime Environment (8.0_121-b13) (build 1.8.0_121-b13)
# Java VM: Java HotSpot(TM) 64-Bit Server VM (25.121-b13 mixed mode windows-amd64 compressed oops)
# Problematic frame:
# C  [rxtxSerial.dll+0x39fb]
#
# Failed to write core dump. Minidumps are not enabled by default on client versions of Windows
#
# If you would like to submit a bug report, please visit:
#   http://bugreport.java.com/bugreport/crash.jsp
# The crash happened outside the Java Virtual Machine in native code.
# See problematic frame for where to report the bug.
#

---------------  T H R E A D  ---------------

Current thread (0x000000001a140000):  JavaThread "Thread-3" [_thread_in_native, id=13072, stack(0x0000000020180000,0x0000000020280000)]

siginfo: ExceptionCode=0xc0000005, writing address 0x000000002017f018

Registers:
RAX=0x00000000ffffffff, RBX=0x0000000000000000, RCX=0xf12431c3233f0000, RDX=0x0000000000000000
RSP=0x000000002027f0c0, RBP=0x00000000ffffffff, RSI=0x0000000000000001, RDI=0x0000000000000007
R8 =0x000000002027eba0, R9 =0x0000000180000000, R10=0x0000000000000000, R11=0x0000000000000200
R12=0x000000002017f010, R13=0x0000000000000000, R14=0x0000000000000001, R15=0x0000000000000000
RIP=0x00000001800039fb, EFLAGS=0x0000000000010286

Top of Stack: (sp=0x000000002027f0c0)
0x000000002027f0c0:   0000000000000000 0000000000000000
0x000000002027f0d0:   0000000000000000 0000000000000000
0x000000002027f0e0:   000000001a140000 00000000ffffffff
0x000000002027f0f0:   0000000000000001 0000000000000000
0x000000002027f100:   000000001a1401f8 0000000000000001
0x000000002027f110:   000000002027f298 000000018000535a
0x000000002027f120:   0000000019b5fee0 0000000000000001
0x000000002027f130:   0000000000000001 0000000019b5fee0
0x000000002027f140:   0000000000000001 00000000ffffffff
0x000000002027f150:   000000002027f2a0 000000001a1401f8
0x000000002027f160:   0000dfc20f9c5c90 00000001800038f6
0x000000002027f170:   0000000000000001 0000000000002000
0x000000002027f180:   0000000019ce7df0 000000001a1401f8
0x000000002027f190:   000000002027f288 0000dfc20f9c5dd0
0x000000002027f1a0:   000000002027f2a0 000000001b0f0450
0x000000002027f1b0:   0000000000000000 0000000000000001 

Instructions: (pc=0x00000001800039fb)
0x00000001800039db:   3d 00 00 85 c0 78 33 74 06 03 d8 2b f0 eb 0a b9
0x00000001800039eb:   e8 03 00 00 e8 1c 27 00 00 41 3b de 7c b7 8b c3
0x00000001800039fb:   45 89 6c 24 08 48 8b 5c 24 60 48 83 c4 20 41 5f
0x0000000180003a0b:   41 5e 41 5d 41 5c 5f 5e 5d c3 e8 62 6d 00 00 83 


Register to memory mapping:

RAX=0x00000000ffffffff is an unallocated location in the heap
RBX=0x0000000000000000 is an unknown value
RCX=0xf12431c3233f0000 is an unknown value
RDX=0x0000000000000000 is an unknown value
RSP=0x000000002027f0c0 is pointing into the stack for thread: 0x000000001a140000
RBP=0x00000000ffffffff is an unallocated location in the heap
RSI=0x0000000000000001 is an unknown value
RDI=0x0000000000000007 is an unknown value
R8 =0x000000002027eba0 is pointing into the stack for thread: 0x000000001a140000
R9 =0x0000000180000000 is an unknown value
R10=0x0000000000000000 is an unknown value
R11=0x0000000000000200 is an unknown value
R12=0x000000002017f010 is an unknown value
R13=0x0000000000000000 is an unknown value
R14=0x0000000000000001 is an unknown value
R15=0x0000000000000000 is an unknown value


Stack: [0x0000000020180000,0x0000000020280000],  sp=0x000000002027f0c0,  free space=1020k
Native frames: (J=compiled Java code, j=interpreted, Vv=VM code, C=native code)
C  [rxtxSerial.dll+0x39fb]
C  [rxtxSerial.dll+0x535a]
C  0x0000000002fc7f74

Java frames: (J=compiled Java code, j=interpreted, Vv=VM code)
j  gnu.io.RXTXPort.readArray([BII)I+0
J 1439 C1 gnu.io.RXTXPort$SerialInputStream.read([BII)I (305 bytes) @ 0x000000000345c384 [0x000000000345bb00+0x884]
J 1438 C1 java.io.BufferedInputStream.fill()V (233 bytes) @ 0x000000000345ae0c [0x000000000345a440+0x9cc]
J 1435 C1 java.io.BufferedInputStream.read1([BII)I (108 bytes) @ 0x00000000034571b4 [0x0000000003456fe0+0x1d4]
J 1434 C1 java.io.BufferedInputStream.read([BII)I (113 bytes) @ 0x000000000345814c [0x0000000003457ec0+0x28c]
J 1436 C1 java.io.FilterInputStream.read([B)I (9 bytes) @ 0x000000000344b08c [0x000000000344af80+0x10c]
j  com.trendit.posfactory.SerialConnection$ReadThread.run()V+21
v  ~StubRoutines::call_stub

---------------  P R O C E S S  ---------------

Java Threads: ( => current thread )
  0x0000000019f32000 JavaThread "Thread-0" daemon [_thread_in_native, id=12852, stack(0x0000000020d80000,0x0000000020e80000)]
=>0x000000001a140000 JavaThread "Thread-3" [_thread_in_native, id=13072, stack(0x0000000020180000,0x0000000020280000)]
  0x0000000019ce9000 JavaThread "TimerQueue" daemon [_thread_blocked, id=14596, stack(0x000000001b9c0000,0x000000001bac0000)]
  0x0000000002eb0800 JavaThread "DestroyJavaVM" [_thread_blocked, id=8604, stack(0x0000000002d80000,0x0000000002e80000)]
  0x0000000019ad9000 JavaThread "AWT-EventQueue-0" [_thread_blocked, id=3256, stack(0x000000001a620000,0x000000001a720000)]
  0x0000000019a6d800 JavaThread "AWT-Shutdown" [_thread_blocked, id=10428, stack(0x000000001a300000,0x000000001a400000)]
  0x0000000019a6c800 JavaThread "Java2D Disposer" daemon [_thread_blocked, id=14056, stack(0x000000001a200000,0x000000001a300000)]
  0x0000000018eee800 JavaThread "Service Thread" daemon [_thread_blocked, id=12104, stack(0x0000000019760000,0x0000000019860000)]
  0x0000000018e6b000 JavaThread "C1 CompilerThread2" daemon [_thread_blocked, id=13808, stack(0x0000000019660000,0x0000000019760000)]
  0x0000000017afe800 JavaThread "C2 CompilerThread1" daemon [_thread_blocked, id=11956, stack(0x0000000019560000,0x0000000019660000)]
  0x0000000017afc000 JavaThread "C2 CompilerThread0" daemon [_thread_blocked, id=14112, stack(0x0000000019460000,0x0000000019560000)]
  0x0000000017aae000 JavaThread "Attach Listener" daemon [_thread_blocked, id=7264, stack(0x0000000019360000,0x0000000019460000)]
  0x0000000018e68800 JavaThread "Signal Dispatcher" daemon [_thread_blocked, id=5840, stack(0x0000000019260000,0x0000000019360000)]
  0x0000000002faa800 JavaThread "Finalizer" daemon [_thread_blocked, id=10660, stack(0x0000000018d00000,0x0000000018e00000)]
  0x0000000002f9f800 JavaThread "Reference Handler" daemon [_thread_blocked, id=5528, stack(0x0000000018c00000,0x0000000018d00000)]

Other Threads:
  0x0000000017a68000 VMThread [stack: 0x0000000018b00000,0x0000000018c00000] [id=12320]
  0x0000000018f1f000 WatcherThread [stack: 0x0000000019860000,0x0000000019960000] [id=3252]

VM state:not at safepoint (normal execution)

VM Mutex/Monitor currently owned by a thread: None

Heap:
 PSYoungGen      total 37888K, used 22463K [0x00000000d6000000, 0x00000000d8a00000, 0x0000000100000000)
  eden space 32768K, 68% used [0x00000000d6000000,0x00000000d75efcc0,0x00000000d8000000)
  from space 5120K, 0% used [0x00000000d8500000,0x00000000d8500000,0x00000000d8a00000)
  to   space 5120K, 0% used [0x00000000d8000000,0x00000000d8000000,0x00000000d8500000)
 ParOldGen       total 86016K, used 0K [0x0000000082000000, 0x0000000087400000, 0x00000000d6000000)
  object space 86016K, 0% used [0x0000000082000000,0x0000000082000000,0x0000000087400000)
 Metaspace       used 13414K, capacity 13664K, committed 13952K, reserved 1060864K
  class space    used 1689K, capacity 1796K, committed 1920K, reserved 1048576K

Card table byte_map: [0x0000000012370000,0x0000000012770000] byte_map_base: 0x0000000011f60000

Marking Bits: (ParMarkBitMap*) 0x000000006686b6d0
 Begin Bits: [0x0000000012e10000, 0x0000000014d90000)
 End Bits:   [0x0000000014d90000, 0x0000000016d10000)

Polling page: 0x00000000012a0000

CodeCache: size=245760Kb used=4795Kb max_used=4806Kb free=240964Kb
 bounds [0x0000000002fb0000, 0x0000000003470000, 0x0000000011fb0000]
 total_blobs=1934 nmethods=1441 adapters=405
 compilation: enabled

Compilation events (10 events):
Event: 11.513 Thread 0x0000000018e6b000 1435       3       java.io.BufferedInputStream::read1 (108 bytes)
Event: 11.515 Thread 0x0000000018e6b000 nmethod 1435 0x0000000003456dd0 code [0x0000000003456fe0, 0x00000000034578d8]
Event: 12.922 Thread 0x0000000018e6b000 1436       3       java.io.FilterInputStream::read (9 bytes)
Event: 12.922 Thread 0x0000000018e6b000 nmethod 1436 0x000000000344ae10 code [0x000000000344af80, 0x000000000344b1a8]
Event: 13.110 Thread 0x0000000018e6b000 1437   !   3       gnu.io.RXTXPort::waitForTheNativeCodeSilly (21 bytes)
Event: 13.110 Thread 0x0000000018e6b000 nmethod 1437 0x0000000003456890 code [0x0000000003456a00, 0x0000000003456cc8]
Event: 13.142 Thread 0x0000000018e6b000 1438       3       java.io.BufferedInputStream::fill (233 bytes)
Event: 13.144 Thread 0x0000000018e6b000 nmethod 1438 0x000000000345a1d0 code [0x000000000345a440, 0x000000000345b338]
Event: 13.144 Thread 0x0000000018e6b000 1439  s!   3       gnu.io.RXTXPort$SerialInputStream::read (305 bytes)
Event: 13.145 Thread 0x0000000018e6b000 nmethod 1439 0x000000000345b850 code [0x000000000345bb00, 0x000000000345cf68]

GC Heap History (0 events):
No events

Deoptimization events (10 events):
Event: 0.227 Thread 0x0000000019ad9000 Uncommon trap: reason=class_check action=maybe_recompile pc=0x000000000311f0a8 method=java.lang.String.equals(Ljava/lang/Object;)Z @ 8
Event: 0.227 Thread 0x0000000019ad9000 Uncommon trap: reason=class_check action=maybe_recompile pc=0x000000000311f0a8 method=java.lang.String.equals(Ljava/lang/Object;)Z @ 8
Event: 0.227 Thread 0x0000000019ad9000 Uncommon trap: reason=class_check action=maybe_recompile pc=0x000000000311f0a8 method=java.lang.String.equals(Ljava/lang/Object;)Z @ 8
Event: 0.278 Thread 0x0000000019ad9000 Uncommon trap: reason=unstable_if action=reinterpret pc=0x000000000319fec8 method=java.lang.String.toLowerCase(Ljava/util/Locale;)Ljava/lang/String; @ 37
Event: 0.288 Thread 0x0000000019ad9000 Uncommon trap: reason=unstable_if action=reinterpret pc=0x00000000031cf750 method=java.lang.Character.isSurrogate(C)Z @ 3
Event: 0.340 Thread 0x0000000019ad9000 Uncommon trap: reason=unstable_if action=reinterpret pc=0x00000000031e4d70 method=java.lang.String.<init>([CII)V @ 18
Event: 0.371 Thread 0x0000000019a74800 Uncommon trap: reason=class_check action=maybe_recompile pc=0x00000000031de4c4 method=java.util.HashMap.putVal(ILjava/lang/Object;Ljava/lang/Object;ZZ)Ljava/lang/Object; @ 203
Event: 0.371 Thread 0x0000000019a74800 Uncommon trap: reason=class_check action=maybe_recompile pc=0x00000000031de43c method=java.util.HashMap.putVal(ILjava/lang/Object;Ljava/lang/Object;ZZ)Ljava/lang/Object; @ 91
Event: 0.371 Thread 0x0000000019a74800 Uncommon trap: reason=class_check action=maybe_recompile pc=0x00000000031de4c4 method=java.util.HashMap.putVal(ILjava/lang/Object;Ljava/lang/Object;ZZ)Ljava/lang/Object; @ 203
Event: 0.371 Thread 0x0000000019a74800 Uncommon trap: reason=class_check action=maybe_recompile pc=0x00000000031de4c4 method=java.util.HashMap.putVal(ILjava/lang/Object;Ljava/lang/Object;ZZ)Ljava/lang/Object; @ 203

Internal exceptions (10 events):
Event: 0.093 Thread 0x0000000002eb0800 Exception <a 'java/security/PrivilegedActionException'> (0x00000000d6134eb0) thrown at [C:\re\workspace\8-2-build-windows-amd64-cygwin\jdk8u121\8372\hotspot\src\share\vm\prims\jvm.cpp, line 1390]
Event: 0.093 Thread 0x0000000002eb0800 Exception <a 'java/security/PrivilegedActionException'> (0x00000000d61350c0) thrown at [C:\re\workspace\8-2-build-windows-amd64-cygwin\jdk8u121\8372\hotspot\src\share\vm\prims\jvm.cpp, line 1390]
Event: 0.098 Thread 0x0000000002eb0800 Exception <a 'java/io/FileNotFoundException'> (0x00000000d613efd8) thrown at [C:\re\workspace\8-2-build-windows-amd64-cygwin\jdk8u121\8372\hotspot\src\share\vm\prims\jni.cpp, line 709]
Event: 0.124 Thread 0x0000000002eb0800 Exception <a 'java/lang/NoSuchFieldError': method resolution failed> (0x00000000d62b08b8) thrown at [C:\re\workspace\8-2-build-windows-amd64-cygwin\jdk8u121\8372\hotspot\src\share\vm\prims\methodHandles.cpp, line 1146]
Event: 0.125 Thread 0x0000000002eb0800 Exception <a 'java/lang/NoSuchFieldError': method resolution failed> (0x00000000d62bdc08) thrown at [C:\re\workspace\8-2-build-windows-amd64-cygwin\jdk8u121\8372\hotspot\src\share\vm\prims\methodHandles.cpp, line 1146]
Event: 0.169 Thread 0x0000000002eb0800 Exception <a 'java/io/FileNotFoundException'> (0x00000000d636f660) thrown at [C:\re\workspace\8-2-build-windows-amd64-cygwin\jdk8u121\8372\hotspot\src\share\vm\prims\jni.cpp, line 709]
Event: 0.430 Thread 0x0000000019ad9000 Exception <a 'java/io/FileNotFoundException'> (0x00000000d6cf6ac0) thrown at [C:\re\workspace\8-2-build-windows-amd64-cygwin\jdk8u121\8372\hotspot\src\share\vm\prims\jni.cpp, line 709]
Event: 0.570 Thread 0x0000000019ad9000 Exception <a 'java/io/FileNotFoundException'> (0x00000000d6d0d008) thrown at [C:\re\workspace\8-2-build-windows-amd64-cygwin\jdk8u121\8372\hotspot\src\share\vm\prims\jni.cpp, line 709]
Event: 0.571 Thread 0x0000000019ad9000 Exception <a 'java/io/FileNotFoundException'> (0x00000000d6d1f208) thrown at [C:\re\workspace\8-2-build-windows-amd64-cygwin\jdk8u121\8372\hotspot\src\share\vm\prims\jni.cpp, line 709]
Event: 0.715 Thread 0x0000000019ad9000 Exception <a 'java/io/FileNotFoundException'> (0x00000000d6d35220) thrown at [C:\re\workspace\8-2-build-windows-amd64-cygwin\jdk8u121\8372\hotspot\src\share\vm\prims\jni.cpp, line 709]

Events (10 events):
Event: 5.021 loading class javax/swing/Autoscroller done
Event: 5.022 loading class javax/swing/plaf/basic/BasicPopupMenuUI$MouseGrabber$2
Event: 5.022 loading class javax/swing/plaf/basic/BasicPopupMenuUI$MouseGrabber$2 done
Event: 5.717 loading class javax/swing/KeyboardManager
Event: 5.718 loading class javax/swing/KeyboardManager done
Event: 5.718 loading class javax/swing/KeyboardManager$ComponentKeyStrokePair
Event: 5.718 loading class javax/swing/KeyboardManager$ComponentKeyStrokePair done
Event: 8.654 loading class java/util/ArrayList$1
Event: 8.654 loading class java/util/ArrayList$1 done
Event: 14.662 Thread 0x0000000019e84800 Thread exited: 0x0000000019e84800


Dynamic libraries:
0x00007ff7de530000 - 0x00007ff7de567000 	D:\Program Files\Java\jdk1.8.0_121\bin\java.exe
0x00007ffdd85f0000 - 0x00007ffdd87c1000 	C:\windows\SYSTEM32\ntdll.dll
0x00007ffdd5aa0000 - 0x00007ffdd5b4c000 	C:\windows\System32\KERNEL32.DLL
0x00007ffdd49b0000 - 0x00007ffdd4bcd000 	C:\windows\System32\KERNELBASE.dll
0x00007ffdd77f0000 - 0x00007ffdd7892000 	C:\windows\System32\ADVAPI32.dll
0x00007ffdd7ca0000 - 0x00007ffdd7d3e000 	C:\windows\System32\msvcrt.dll
0x00007ffdd79d0000 - 0x00007ffdd7a29000 	C:\windows\System32\sechost.dll
0x00007ffdd78a0000 - 0x00007ffdd79c1000 	C:\windows\System32\RPCRT4.dll
0x00007ffdd5e20000 - 0x00007ffdd5f85000 	C:\windows\System32\USER32.dll
0x00007ffdd4990000 - 0x00007ffdd49ae000 	C:\windows\System32\win32u.dll
0x00007ffdd7640000 - 0x00007ffdd7674000 	C:\windows\System32\GDI32.dll
0x00007ffdd4d00000 - 0x00007ffdd4e82000 	C:\windows\System32\gdi32full.dll
0x00007ffdc95f0000 - 0x00007ffdc986a000 	C:\windows\WinSxS\amd64_microsoft.windows.common-controls_6595b64144ccf1df_6.0.14393.953_none_42151e83c686086b\COMCTL32.dll
0x00007ffdd8320000 - 0x00007ffdd85e8000 	C:\windows\System32\combase.dll
0x00007ffdd5110000 - 0x00007ffdd5205000 	C:\windows\System32\ucrtbase.dll
0x00007ffdd5950000 - 0x00007ffdd59ba000 	C:\windows\System32\bcryptPrimitives.dll
0x00007ffdd7b70000 - 0x00007ffdd7b9e000 	C:\windows\System32\IMM32.DLL
0x0000000065f70000 - 0x0000000066042000 	D:\Program Files\Java\jdk1.8.0_121\jre\bin\msvcr100.dll
0x0000000066050000 - 0x00000000668eb000 	D:\Program Files\Java\jdk1.8.0_121\jre\bin\server\jvm.dll
0x00007ffdd4cd0000 - 0x00007ffdd4cf3000 	C:\windows\System32\WINMM.dll
0x00007ffdd4820000 - 0x00007ffdd484b000 	C:\windows\System32\WINMMBASE.dll
0x00007ffdd4930000 - 0x00007ffdd4972000 	C:\windows\System32\cfgmgr32.dll
0x00007ffdc9340000 - 0x00007ffdc9349000 	C:\windows\SYSTEM32\WSOCK32.dll
0x00007ffdd5cb0000 - 0x00007ffdd5cb8000 	C:\windows\System32\PSAPI.DLL
0x00007ffdd5a30000 - 0x00007ffdd5a9a000 	C:\windows\System32\WS2_32.dll
0x00007ffdc6d20000 - 0x00007ffdc6d2a000 	C:\windows\SYSTEM32\VERSION.dll
0x0000000065f20000 - 0x0000000065f2f000 	D:\Program Files\Java\jdk1.8.0_121\jre\bin\verify.dll
0x0000000065ef0000 - 0x0000000065f19000 	D:\Program Files\Java\jdk1.8.0_121\jre\bin\java.dll
0x0000000065ed0000 - 0x0000000065ee6000 	D:\Program Files\Java\jdk1.8.0_121\jre\bin\zip.dll
0x00007ffdd5ff0000 - 0x00007ffdd74f8000 	C:\windows\System32\SHELL32.dll
0x00007ffdd5270000 - 0x00007ffdd594a000 	C:\windows\System32\windows.storage.dll
0x00007ffdd4bd0000 - 0x00007ffdd4c1c000 	C:\windows\System32\powrprof.dll
0x00007ffdd5f90000 - 0x00007ffdd5fe2000 	C:\windows\System32\shlwapi.dll
0x00007ffdd4880000 - 0x00007ffdd488f000 	C:\windows\System32\kernel.appcore.dll
0x00007ffdd5060000 - 0x00007ffdd5109000 	C:\windows\System32\shcore.dll
0x00007ffdd4860000 - 0x00007ffdd4874000 	C:\windows\System32\profapi.dll
0x0000000065cf0000 - 0x0000000065e88000 	D:\Program Files\Java\jdk1.8.0_121\jre\bin\awt.dll
0x00007ffdd76f0000 - 0x00007ffdd77af000 	C:\windows\System32\OLEAUT32.dll
0x00007ffdd4890000 - 0x00007ffdd492c000 	C:\windows\System32\msvcp_win.dll
0x00007ffdd2d10000 - 0x00007ffdd2d8a000 	C:\windows\SYSTEM32\apphelp.dll
0x00007ffdd2f70000 - 0x00007ffdd3005000 	C:\windows\system32\uxtheme.dll
0x00007ffdd5cc0000 - 0x00007ffdd5e1a000 	C:\windows\System32\MSCTF.dll
0x00007ffdcf0d0000 - 0x00007ffdcf115000 	C:\Program Files (x86)\Yuike Cloud Service\ykbhmd64.dll
0x00007ffdd7500000 - 0x00007ffdd7638000 	C:\windows\System32\ole32.dll
0x00007ffdc3850000 - 0x00007ffdc3b1a000 	C:\windows\SYSTEM32\WININET.dll
0x00007ffdc5610000 - 0x00007ffdc5628000 	C:\windows\SYSTEM32\NETAPI32.dll
0x00007ffdd1700000 - 0x00007ffdd1716000 	C:\windows\SYSTEM32\WKSCLI.DLL
0x00007ffdd4760000 - 0x00007ffdd478b000 	C:\windows\SYSTEM32\bcrypt.dll
0x00007ffdd3f30000 - 0x00007ffdd3f3d000 	C:\windows\SYSTEM32\NETUTILS.DLL
0x00007ffdd26b0000 - 0x00007ffdd26d6000 	C:\windows\system32\dwmapi.dll
0x00007ffdc8750000 - 0x00007ffdc8873000 	C:\windows\system32\opengl32.dll
0x00007ffdd7ba0000 - 0x00007ffdd7c97000 	C:\windows\System32\DDRAW.dll
0x00007ffdd4980000 - 0x00007ffdd4988000 	C:\windows\System32\DCIMAN32.dll
0x00007ffdc9da0000 - 0x00007ffdc9dcd000 	C:\windows\SYSTEM32\GLU32.dll
0x0000000065ca0000 - 0x0000000065ce7000 	D:\Program Files\Java\jdk1.8.0_121\jre\bin\fontmanager.dll
0x0000000065eb0000 - 0x0000000065eca000 	D:\Program Files\Java\jdk1.8.0_121\jre\bin\net.dll
0x00007ffdd40c0000 - 0x00007ffdd411c000 	C:\windows\system32\mswsock.dll
0x0000000065e90000 - 0x0000000065ea1000 	D:\Program Files\Java\jdk1.8.0_121\jre\bin\nio.dll
0x00007ffdd7a30000 - 0x00007ffdd7acf000 	C:\windows\System32\clbcatq.dll
0x00007ffdcec10000 - 0x00007ffdcedb8000 	C:\windows\SYSTEM32\WindowsCodecs.dll
0x0000000065c50000 - 0x0000000065c92000 	D:\Program Files\Java\jdk1.8.0_121\jre\bin\t2k.dll
0x0000000180000000 - 0x0000000180025000 	D:\Program Files\Java\jdk1.8.0_121\bin\rxtxSerial.dll
0x00007ffdd2b10000 - 0x00007ffdd2b17000 	C:\windows\system32\MSIMG32.dll
0x00007ffdb7040000 - 0x00007ffdb78f4000 	C:\windows\system32\SogouPy.ime
0x00007ffdc4aa0000 - 0x00007ffdc4b05000 	C:\windows\SYSTEM32\OLEACC.dll
0x00007ffdd3b90000 - 0x00007ffdd3bc2000 	C:\windows\SYSTEM32\ntmarta.dll
0x000000001cca0000 - 0x000000001cd7d000 	C:\Program Files (x86)\SogouInput\8.4.0.1062\Resource.dll
0x00007ffdc3f80000 - 0x00007ffdc41b6000 	C:\Program Files (x86)\SogouInput\Components\PicFace\1.0.0.1675\PicFace64.dll
0x00007ffdc5460000 - 0x00007ffdc55f2000 	C:\windows\SYSTEM32\dbghelp.dll

VM Arguments:
jvm_args: -Dfile.encoding=UTF-8 
java_command: com.trendit.posfactory.MainJFrame
java_class_path (initial): D:\Program Files\NetBeans 8.2\java\modules\ext\eclipselink\eclipselink.jar;D:\Program Files\NetBeans 8.2\java\modules\ext\eclipselink\javax.persistence_2.1.0.v201304241213.jar;D:\Program Files\NetBeans 8.2\java\modules\ext\eclipselink\org.eclipse.persistence.jpa.jpql_2.5.2.v20140319-9ad6abd.jar;C:\Users\PVer\Documents\NetBeansProjects\JavaApplication1\build\classes
Launcher Type: SUN_STANDARD

Environment Variables:
JAVA_HOME=D:\Program Files\Java\jdk1.8.0_121\
PATH=C:\windows\system32;C:\windows;C:\windows\System32\Wbem;C:\windows\System32\WindowsPowerShell\v1.0\;d:\Program Files\Git\cmd;D:\Program Files\nodejs\;D:\Program Files\nodejs\node_modules;C:\Users\PVer\AppData\Local\Android\Sdk\platform-tools;d:\Program Files\doxygen\bin;D:\Program Files\Java\jdk1.8.0_121\\bin;C:\Users\PVer\AppData\Local\Android\Sdk\ndk-bundle;C:\Program Files\Microsoft SQL Server\130\Tools\Binn\;C:\Program Files (x86)\Windows Kits\10\Windows Performance Toolkit\;D:\Program Files (x86)\Microsoft Visual Studio\2017\Community\VC\Tools\MSVC\14.10.25017\bin\HostX64\x64;C:\Users\PVer\AppData\Local\Microsoft\WindowsApps;;D:\Program Files (x86)\Microsoft VS Code\bin;C:\Users\PVer\AppData\Roaming\npm
USERNAME=PVer
OS=Windows_NT
PROCESSOR_IDENTIFIER=Intel64 Family 6 Model 158 Stepping 9, GenuineIntel



---------------  S Y S T E M  ---------------

OS: Windows 10.0 , 64 bit Build 14393 (10.0.14393.1198)

CPU:total 4 (4 cores per cpu, 1 threads per core) family 6 model 158 stepping 9, cmov, cx8, fxsr, mmx, sse, sse2, sse3, ssse3, sse4.1, sse4.2, popcnt, avx, avx2, aes, clmul, erms, 3dnowpref, lzcnt, tsc, tscinvbit, bmi1, bmi2, adx

Memory: 4k page, physical 8251236k(5466364k free), swap 33417060k(30491292k free)

vm_info: Java HotSpot(TM) 64-Bit Server VM (25.121-b13) for windows-amd64 JRE (1.8.0_121-b13), built on Dec 12 2016 18:21:36 by "java_re" with MS VC++ 10.0 (VS2010)

time: Tue Jun 06 20:23:09 2017
elapsed time: 14 seconds (0d 0h 0m 14s)

